<?xml version="1.0" encoding="UTF-8"?>
<!-- Generated by org.testng.reporters.JUnitXMLReporter -->
<testsuite ignored="0" hostname="AIPL5997LT17468" failures="0" tests="5" name="Default test" time="13.619" errors="0" timestamp="2024-12-04T11:36:25 IST">
  <testcase classname="com.petstore.tests.PetstoreTestNG" name="createPetTest" time="6.128"/>
  <testcase classname="com.petstore.tests.PetstoreTestNG" name="getPetTest" time="1.693"/>
  <testcase classname="com.petstore.tests.PetstoreTestNG" name="updatePetTest" time="1.64"/>
  <testcase classname="com.petstore.tests.PetstoreTestNG" name="deletePetTest" time="1.56"/>
  <testcase classname="com.petstore.tests.PetstoreTestNG" name="findPetsByStatusTest" time="2.272"/>
</testsuite> <!-- Default test -->
