<?xml version="1.0" encoding="UTF-8"?>
<!-- Generated by org.testng.reporters.JUnitXMLReporter -->
<testsuite ignored="0" hostname="AIPL5997LT17468" failures="0" tests="10" name="Petstore API Tests" time="26.594" errors="0" timestamp="2024-12-04T11:44:51 IST">
  <testcase classname="com.petstore.tests.PetstoreTest" name="createPetTest" time="7.303"/>
  <testcase classname="com.petstore.tests.PetstoreTestNG" name="createPetTest" time="3.328"/>
  <testcase classname="com.petstore.tests.PetstoreTest" name="getPetByIdTest" time="1.634"/>
  <testcase classname="com.petstore.tests.PetstoreTestNG" name="getPetTest" time="1.644"/>
  <testcase classname="com.petstore.tests.PetstoreTest" name="updatePetTest" time="1.583"/>
  <testcase classname="com.petstore.tests.PetstoreTestNG" name="updatePetTest" time="1.76"/>
  <testcase classname="com.petstore.tests.PetstoreTest" name="deletePetTest" time="3.18"/>
  <testcase classname="com.petstore.tests.PetstoreTestNG" name="deletePetTest" time="1.532"/>
  <testcase classname="com.petstore.tests.PetstoreTest" name="findPetsByStatusTest" time="2.06"/>
  <testcase classname="com.petstore.tests.PetstoreTestNG" name="findPetsByStatusTest" time="2.048"/>
</testsuite> <!-- Petstore API Tests -->
