<?xml version="1.0" encoding="UTF-8"?>
<!-- Generated by org.testng.reporters.JUnitXMLReporter -->
<testsuite ignored="0" hostname="AIPL5997LT17468" failures="4" tests="4" name="Petstore API Tests(failed)" time="9.673" errors="0" timestamp="2024-12-03T16:33:12 IST">
  <testcase classname="com.petstore.tests.PetstoreTestNG" name="createPetTest" time="4.781">
    <failure type="java.lang.AssertionError" message="Expected status code 200 but got 400 expected [200] but found [400]">
      <![CDATA[java.lang.AssertionError: Expected status code 200 but got 400 expected [200] but found [400]
at com.petstore.utils.ApiUtils.verifyResponseCode(ApiUtils.java:11)
at com.petstore.tests.PetstoreTestNG.createPetTest(PetstoreTestNG.java:52)
at java.base/java.util.ArrayList.forEach(ArrayList.java:1511)
at java.base/java.util.concurrent.FutureTask.run(FutureTask.java:264)
at java.base/java.util.concurrent.ThreadPoolExecutor.runWorker(ThreadPoolExecutor.java:1136)
at java.base/java.util.concurrent.ThreadPoolExecutor$Worker.run(ThreadPoolExecutor.java:635)
at java.base/java.lang.Thread.run(Thread.java:840)
... Removed 23 stack frames]]>
    </failure>
  </testcase> <!-- createPetTest -->
  <testcase classname="com.petstore.tests.PetstoreTestNG" name="getPetTest" time="1.515">
    <failure type="java.lang.AssertionError" message="Expected status code 200 but got 404 expected [200] but found [404]">
      <![CDATA[java.lang.AssertionError: Expected status code 200 but got 404 expected [200] but found [404]
at com.petstore.utils.ApiUtils.verifyResponseCode(ApiUtils.java:11)
at com.petstore.tests.PetstoreTestNG.getPetTest(PetstoreTestNG.java:61)
at java.base/java.util.ArrayList.forEach(ArrayList.java:1511)
at java.base/java.util.concurrent.FutureTask.run(FutureTask.java:264)
at java.base/java.util.concurrent.ThreadPoolExecutor.runWorker(ThreadPoolExecutor.java:1136)
at java.base/java.util.concurrent.ThreadPoolExecutor$Worker.run(ThreadPoolExecutor.java:635)
at java.base/java.lang.Thread.run(Thread.java:840)
... Removed 23 stack frames]]>
    </failure>
  </testcase> <!-- getPetTest -->
  <testcase classname="com.petstore.tests.PetstoreTestNG" name="updatePetTest" time="1.55">
    <failure type="java.lang.AssertionError" message="Expected status code 200 but got 400 expected [200] but found [400]">
      <![CDATA[java.lang.AssertionError: Expected status code 200 but got 400 expected [200] but found [400]
at com.petstore.utils.ApiUtils.verifyResponseCode(ApiUtils.java:11)
at com.petstore.tests.PetstoreTestNG.updatePetTest(PetstoreTestNG.java:73)
at java.base/java.util.ArrayList.forEach(ArrayList.java:1511)
at java.base/java.util.concurrent.FutureTask.run(FutureTask.java:264)
at java.base/java.util.concurrent.ThreadPoolExecutor.runWorker(ThreadPoolExecutor.java:1136)
at java.base/java.util.concurrent.ThreadPoolExecutor$Worker.run(ThreadPoolExecutor.java:635)
at java.base/java.lang.Thread.run(Thread.java:840)
... Removed 23 stack frames]]>
    </failure>
  </testcase> <!-- updatePetTest -->
  <testcase classname="com.petstore.tests.PetstoreTestNG" name="deletePetTest" time="1.567">
    <failure type="java.lang.AssertionError" message="Expected status code 200 but got 404 expected [200] but found [404]">
      <![CDATA[java.lang.AssertionError: Expected status code 200 but got 404 expected [200] but found [404]
at com.petstore.utils.ApiUtils.verifyResponseCode(ApiUtils.java:11)
at com.petstore.tests.PetstoreTestNG.deletePetTest(PetstoreTestNG.java:80)
at java.base/java.util.ArrayList.forEach(ArrayList.java:1511)
at java.base/java.util.concurrent.FutureTask.run(FutureTask.java:264)
at java.base/java.util.concurrent.ThreadPoolExecutor.runWorker(ThreadPoolExecutor.java:1136)
at java.base/java.util.concurrent.ThreadPoolExecutor$Worker.run(ThreadPoolExecutor.java:635)
at java.base/java.lang.Thread.run(Thread.java:840)
... Removed 23 stack frames]]>
    </failure>
  </testcase> <!-- deletePetTest -->
</testsuite> <!-- Petstore API Tests(failed) -->
