<?xml version="1.0" encoding="UTF-8"?>
<testng-results ignored="0" total="10" passed="10" failed="0" skipped="0">
  <reporter-output>
  </reporter-output>
  <suite started-at="2024-12-04T11:44:25 IST" name="Petstore API Suite" finished-at="2024-12-04T11:44:51 IST" duration-ms="26594">
    <groups>
    </groups>
    <test started-at="2024-12-04T11:44:25 IST" name="Petstore API Tests" finished-at="2024-12-04T11:44:51 IST" duration-ms="26594">
      <class name="com.petstore.tests.PetstoreTest">
        <test-method is-config="true" signature="setup()[pri:0, instance:com.petstore.tests.PetstoreTest@3af0a9da]" started-at="2024-12-04T11:44:25 IST" name="setup" finished-at="2024-12-04T11:44:25 IST" duration-ms="28" status="PASS">
          <reporter-output>
          </reporter-output>
        </test-method> <!-- setup -->
        <test-method signature="createPetTest()[pri:1, instance:com.petstore.tests.PetstoreTest@3af0a9da]" started-at="2024-12-04T11:44:25 IST" name="createPetTest" finished-at="2024-12-04T11:44:32 IST" duration-ms="7303" status="PASS">
          <reporter-output>
          </reporter-output>
        </test-method> <!-- createPetTest -->
        <test-method signature="getPetByIdTest()[pri:2, instance:com.petstore.tests.PetstoreTest@3af0a9da]" started-at="2024-12-04T11:44:36 IST" name="getPetByIdTest" finished-at="2024-12-04T11:44:37 IST" duration-ms="1634" status="PASS">
          <reporter-output>
          </reporter-output>
        </test-method> <!-- getPetByIdTest -->
        <test-method signature="updatePetTest()[pri:3, instance:com.petstore.tests.PetstoreTest@3af0a9da]" started-at="2024-12-04T11:44:39 IST" name="updatePetTest" finished-at="2024-12-04T11:44:41 IST" duration-ms="1583" status="PASS">
          <reporter-output>
          </reporter-output>
        </test-method> <!-- updatePetTest -->
        <test-method signature="deletePetTest()[pri:4, instance:com.petstore.tests.PetstoreTest@3af0a9da]" started-at="2024-12-04T11:44:42 IST" name="deletePetTest" finished-at="2024-12-04T11:44:46 IST" duration-ms="3180" status="PASS">
          <reporter-output>
          </reporter-output>
        </test-method> <!-- deletePetTest -->
        <test-method signature="findPetsByStatusTest()[pri:5, instance:com.petstore.tests.PetstoreTest@3af0a9da]" started-at="2024-12-04T11:44:47 IST" name="findPetsByStatusTest" finished-at="2024-12-04T11:44:49 IST" duration-ms="2060" status="PASS">
          <reporter-output>
          </reporter-output>
        </test-method> <!-- findPetsByStatusTest -->
      </class> <!-- com.petstore.tests.PetstoreTest -->
      <class name="com.petstore.tests.PetstoreTestNG">
        <test-method is-config="true" signature="setup()[pri:0, instance:com.petstore.tests.PetstoreTestNG@2d778add]" started-at="2024-12-04T11:44:32 IST" name="setup" finished-at="2024-12-04T11:44:32 IST" duration-ms="1" status="PASS">
          <reporter-output>
          </reporter-output>
        </test-method> <!-- setup -->
        <test-method signature="createPetTest()[pri:1, instance:com.petstore.tests.PetstoreTestNG@2d778add]" started-at="2024-12-04T11:44:32 IST" name="createPetTest" finished-at="2024-12-04T11:44:36 IST" duration-ms="3328" status="PASS">
          <reporter-output>
          </reporter-output>
        </test-method> <!-- createPetTest -->
        <test-method signature="getPetTest()[pri:2, instance:com.petstore.tests.PetstoreTestNG@2d778add]" started-at="2024-12-04T11:44:37 IST" name="getPetTest" finished-at="2024-12-04T11:44:39 IST" duration-ms="1644" status="PASS">
          <reporter-output>
          </reporter-output>
        </test-method> <!-- getPetTest -->
        <test-method signature="updatePetTest()[pri:3, instance:com.petstore.tests.PetstoreTestNG@2d778add]" started-at="2024-12-04T11:44:41 IST" name="updatePetTest" finished-at="2024-12-04T11:44:42 IST" duration-ms="1760" status="PASS">
          <reporter-output>
          </reporter-output>
        </test-method> <!-- updatePetTest -->
        <test-method signature="deletePetTest()[pri:4, instance:com.petstore.tests.PetstoreTestNG@2d778add]" started-at="2024-12-04T11:44:46 IST" name="deletePetTest" finished-at="2024-12-04T11:44:47 IST" duration-ms="1532" status="PASS">
          <reporter-output>
          </reporter-output>
        </test-method> <!-- deletePetTest -->
        <test-method signature="findPetsByStatusTest()[pri:5, instance:com.petstore.tests.PetstoreTestNG@2d778add]" started-at="2024-12-04T11:44:49 IST" name="findPetsByStatusTest" finished-at="2024-12-04T11:44:51 IST" duration-ms="2048" status="PASS">
          <reporter-output>
          </reporter-output>
        </test-method> <!-- findPetsByStatusTest -->
        <test-method is-config="true" signature="teardown()[pri:0, instance:com.petstore.tests.PetstoreTestNG@2d778add]" started-at="2024-12-04T11:44:51 IST" name="teardown" finished-at="2024-12-04T11:44:51 IST" duration-ms="3" status="PASS">
          <reporter-output>
          </reporter-output>
        </test-method> <!-- teardown -->
      </class> <!-- com.petstore.tests.PetstoreTestNG -->
    </test> <!-- Petstore API Tests -->
  </suite> <!-- Petstore API Suite -->
</testng-results>
